[22:20:17] [main/INFO]: Loading Minecraft 1.21 with Fabric Loader 0.16.3
[22:20:17] [main/INFO]: Loading 5 mods:
	- fabricloader 0.16.3
	   \-- mixinextras 0.4.1
	- java 21
	- minecraft 1.21
	- sharedadvancements 1.21.3-5.0.0
[22:20:17] [main/INFO]: SpongePowered MIXIN Subsystem Version=0.8.7 Source=file:/workspaces/ubiquitous-rotary-phone/servidor_minecraft/libraries/net/fabricmc/sponge-mixin/0.15.2+mixin.0.8.7/sponge-mixin-0.15.2+mixin.0.8.7.jar Service=Knot/Fabric Env=SERVER
[22:20:17] [main/INFO]: Compatibility level set to JAVA_17
[22:20:27] [main/INFO]: Initializing Shared Advancements for Fabric in a production environment!
[22:20:27] [main/INFO]: Environment: Environment[sessionHost=https://sessionserver.mojang.com, servicesHost=https://api.minecraftservices.com, name=PROD]
[22:20:29] [main/INFO]: Loaded 1290 recipes
[22:20:29] [main/INFO]: Loaded 1399 advancements
[22:20:30] [main/INFO]: Initializing MixinExtras via com.llamalad7.mixinextras.service.MixinExtrasServiceImpl(version=0.4.1).
[22:20:30] [Server thread/INFO]: Starting minecraft server version 1.21
[22:20:30] [Server thread/INFO]: Loading properties
[22:20:30] [Server thread/INFO]: Default game type: SURVIVAL
[22:20:30] [Server thread/INFO]: Generating keypair
[22:20:30] [Server thread/INFO]: Starting Minecraft server on *:25565
[22:20:30] [Server thread/INFO]: Using epoll channel type
[22:20:30] [Server thread/INFO]: Preparing level "world"
[22:20:37] [Server thread/INFO]: Preparing start region for dimension minecraft:overworld
[22:20:37] [Worker-Main-2/INFO]: Preparing spawn area: 0%
[22:20:37] [Worker-Main-1/INFO]: Preparing spawn area: 0%
[22:20:37] [Server thread/INFO]: Time elapsed: 691 ms
[22:20:37] [Server thread/INFO]: Done (6.785s)! For help, type "help"
[22:21:23] [User Authenticator #1/INFO]: UUID of player Xonsret is 314d6caa-fd26-49d7-b4f3-40397d185fb1
[22:21:24] [Server thread/INFO]: Xonsret[/10.147.19.75:65428] logged in with entity id 4 at (386.7930172064802, 81.0, -811.5244998870321)
[22:21:24] [Server thread/INFO]: Xonsret joined the game
[22:21:30] [Server thread/WARN]: UUID of added entity already exists: class_4466['Bee'/280, l='ServerLevel[world]', x=506.87, y=104.21, z=-651.58]
[22:21:30] [Server thread/WARN]: UUID of added entity already exists: class_4466['Bee'/286, l='ServerLevel[world]', x=550.71, y=107.00, z=-646.35]
[22:21:31] [Server thread/WARN]: UUID of added entity already exists: class_4466['Bee'/293, l='ServerLevel[world]', x=539.06, y=109.27, z=-639.97]
[22:24:54] [User Authenticator #2/INFO]: UUID of player El_Vertex_mc is 0eee84af-6cf9-46dc-b4f8-3ac0fe55989e
[22:24:56] [Server thread/INFO]: El_Vertex_mc[/10.147.19.160:54332] logged in with entity id 730 at (375.69999998807907, 90.0, -854.3000000119209)
[22:24:56] [Server thread/INFO]: El_Vertex_mc joined the game
